[02:57:11.917][INFO][CraftTweaker-EarlyInit]: CraftTweaker is running on a Minecraft 1.21.1 production server modded with platform Fabric
[02:57:11.922][INFO][CraftTweaker-EarlyInit]: Successfully injected RecipeFS file system
[02:57:15.650][INFO][CraftTweaker-Plugins]: Successfully identified and loaded plugin farmersdelight:crafttweaker_plugin
[02:57:15.651][INFO][CraftTweaker-Plugins]: Successfully identified and loaded plugin crafttweaker:fabric
[02:57:15.655][INFO][CraftTweaker-Plugins]: Successfully identified and loaded plugin crafttweaker:compatibility
[02:57:15.655][INFO][CraftTweaker-Plugins]: Successfully identified and loaded plugin crafttweaker:common
[02:57:15.937][INFO][CraftTweaker]: The following mods have explicit CraftTweaker support, provided through the CraftTweaker compatibility plugin:
[02:57:15.938][INFO][CraftTweaker]: - 'crafttweaker' version '21.0.34'
[02:57:15.938][INFO][CraftTweaker]: - 'farmersdelight' version '1.21.1-3.2.0+refabricated'
[02:57:16.173][INFO][CraftTweaker-ZenCode]: Started loading scripts for loader 'initialize'
[02:57:16.424][INFO][CraftTweaker-ZenCode]: Compiling and executing scripts
[02:57:16.448][INFO][CraftTweaker-ZenCode]: Successfully initialized modules [crafttweaker, expansions]
[02:57:16.514][INFO][CraftTweaker-ZenCode]: Execution for loader 'initialize' completed successfully
[02:57:24.431][INFO][CraftTweaker-ZenCode]: Started loading scripts for loader 'tags'
[02:57:24.463][INFO][CraftTweaker-ZenCode]: Compiling and executing scripts
[02:57:24.483][INFO][CraftTweaker-ZenCode]: Successfully initialized modules [crafttweaker, expansions]
[02:57:24.498][INFO][CraftTweaker-ZenCode]: Execution for loader 'tags' completed successfully
[02:57:25.143][INFO][CraftTweaker]: CraftTweaker reload starting!
[02:57:25.149][INFO][CraftTweaker-ZenCode]: Started loading scripts for loader 'crafttweaker'
[02:57:25.175][INFO][CraftTweaker-ZenCode]: Compiling and executing scripts
[02:57:25.663][INFO][CraftTweaker-ZenCode]: Successfully initialized modules [mods, vanilla/api/network/NetworkContext, vanilla/api/network/NetworkReceiver, crafttweaker, expansions]
[02:57:25.666][INFO][CraftTweaker-ZenCode]: Loading file 'farmers_delight.zs' with priority 0
[02:57:25.713][INFO][CraftTweaker]: Removing Villager trade for Profession: 'cleric' and Level: '1'
[02:57:25.714][INFO][CraftTweaker]: Adding Villager trade for Profession: 'cleric' and Level: '1'
[02:57:25.714][INFO][CraftTweaker]: Adding Villager trade for Profession: 'cleric' and Level: '1'
[02:57:25.714][INFO][CraftTweaker]: Adding Villager trade for Profession: 'cleric' and Level: '1'
[02:57:25.714][INFO][CraftTweaker]: Removing Villager trade for Profession: 'village_taverns:bartender' and Level: '1'
[02:57:25.715][INFO][CraftTweaker]: Adding Villager trade for Profession: 'village_taverns:bartender' and Level: '1'
[02:57:25.715][INFO][CraftTweaker]: Adding Villager trade for Profession: 'village_taverns:bartender' and Level: '1'
[02:57:25.715][INFO][CraftTweaker]: Adding Villager trade for Profession: 'village_taverns:bartender' and Level: '1'
[02:57:25.715][INFO][CraftTweaker]: Adding Villager trade for Profession: 'village_taverns:bartender' and Level: '1'
[02:57:25.715][INFO][CraftTweaker]: Adding Villager trade for Profession: 'village_taverns:bartender' and Level: '1'
[02:57:25.715][INFO][CraftTweaker]: Adding Villager trade for Profession: 'village_taverns:bartender' and Level: '1'
[02:57:25.715][INFO][CraftTweaker]: Adding Villager trade for Profession: 'village_taverns:bartender' and Level: '1'
[02:57:25.715][INFO][CraftTweaker]: Adding Villager trade for Profession: 'village_taverns:bartender' and Level: '1'
[02:57:25.715][INFO][CraftTweaker]: Adding Villager trade for Profession: 'village_taverns:bartender' and Level: '1'
[02:57:25.716][INFO][CraftTweaker]: Adding Villager trade for Profession: 'village_taverns:bartender' and Level: '2'
[02:57:25.716][INFO][CraftTweaker]: Adding Villager trade for Profession: 'village_taverns:bartender' and Level: '2'
[02:57:25.716][INFO][CraftTweaker]: Adding Villager trade for Profession: 'village_taverns:bartender' and Level: '2'
[02:57:25.716][INFO][CraftTweaker]: Adding Villager trade for Profession: 'village_taverns:bartender' and Level: '3'
[02:57:25.716][INFO][CraftTweaker]: Adding Villager trade for Profession: 'village_taverns:bartender' and Level: '3'
[02:57:25.716][INFO][CraftTweaker]: Adding Villager trade for Profession: 'village_taverns:bartender' and Level: '3'
[02:57:25.716][INFO][CraftTweaker]: Adding Villager trade for Profession: 'village_taverns:bartender' and Level: '3'
[02:57:25.716][INFO][CraftTweaker]: Adding Villager trade for Profession: 'village_taverns:bartender' and Level: '3'
[02:57:25.716][INFO][CraftTweaker]: Adding Villager trade for Profession: 'village_taverns:bartender' and Level: '3'
[02:57:25.716][INFO][CraftTweaker]: Adding Villager trade for Profession: 'village_taverns:bartender' and Level: '4'
[02:57:25.717][INFO][CraftTweaker]: Adding Villager trade for Profession: 'village_taverns:bartender' and Level: '4'
[02:57:25.717][INFO][CraftTweaker]: Adding Villager trade for Profession: 'village_taverns:bartender' and Level: '5'
[02:57:25.721][INFO][CraftTweaker]: Setting the value of 'minecraft:food' to 'class_4174[nutrition=10, saturation=17.0, canAlwaysEat=false, eatSeconds=1.0, usingConvertsTo=Optional.empty, effects=[class_9423[effect=effect.farmersdelight.comfort, Duration: 3600, Particles: false, probability=1.0], class_9423[effect=effect.minecraft.strength, Duration: 3600, Particles: false, probability=1.0]]]' on item '<item:farmersdelight:beef_stew>.definition'
[02:57:25.722][INFO][CraftTweaker]: Setting the value of 'minecraft:food' to 'class_4174[nutrition=12, saturation=19.0, canAlwaysEat=false, eatSeconds=1.0, usingConvertsTo=Optional.empty, effects=[class_9423[effect=effect.farmersdelight.nourishment, Duration: 6000, Particles: false, probability=1.0], class_9423[effect=effect.minecraft.strength x 2, Duration: 3600, Particles: false, probability=1.0]]]' on item '<item:farmersdelight:steak_and_potatoes>.definition'
[02:57:25.722][INFO][CraftTweaker]: Setting the value of 'minecraft:food' to 'class_4174[nutrition=7, saturation=11.0, canAlwaysEat=false, eatSeconds=1.0, usingConvertsTo=Optional.empty, effects=[class_9423[effect=effect.farmersdelight.comfort, Duration: 3600, Particles: false, probability=1.0], class_9423[effect=effect.minecraft.resistance, Duration: 3600, Particles: false, probability=1.0]]]' on item '<item:mynethersdelight:rock_soup>.definition'
[02:57:25.722][INFO][CraftTweaker]: Setting the value of 'minecraft:food' to 'class_4174[nutrition=14, saturation=22.0, canAlwaysEat=false, eatSeconds=1.0, usingConvertsTo=Optional.empty, effects=[class_9423[effect=effect.farmersdelight.nourishment, Duration: 6000, Particles: false, probability=1.0], class_9423[effect=effect.arsenal.guarding, Duration: 3600, Particles: false, probability=1.0]]]' on item '<item:farmersdelight:roasted_mutton_chops>.definition'
[02:57:25.723][INFO][CraftTweaker]: Setting the value of 'minecraft:food' to 'class_4174[nutrition=12, saturation=19.0, canAlwaysEat=false, eatSeconds=1.0, usingConvertsTo=Optional.empty, effects=[class_9423[effect=effect.farmersdelight.nourishment, Duration: 6000, Particles: false, probability=1.0], class_9423[effect=effect.ranged_weapon.haste, Duration: 3600, Particles: false, probability=1.0]]]' on item '<item:farmersdelight:roast_chicken>.definition'
[02:57:25.723][INFO][CraftTweaker]: Setting the value of 'minecraft:food' to 'class_4174[nutrition=14, saturation=22.0, canAlwaysEat=false, eatSeconds=1.0, usingConvertsTo=Optional.empty, effects=[class_9423[effect=effect.farmersdelight.nourishment, Duration: 6000, Particles: false, probability=1.0], class_9423[effect=effect.ranged_weapon.damage x 2, Duration: 3600, Particles: false, probability=1.0]]]' on item '<item:farmersdelight:shepherds_pie>.definition'
[02:57:25.723][INFO][CraftTweaker]: Setting the value of 'minecraft:food' to 'class_4174[nutrition=12, saturation=19.0, canAlwaysEat=false, eatSeconds=1.0, usingConvertsTo=Optional.empty, effects=[class_9423[effect=effect.farmersdelight.comfort, Duration: 2400, Particles: false, probability=1.0], class_9423[effect=effect.spell_power.fire, Duration: 3600, Particles: false, probability=1.0]]]' on item '<item:mynethersdelight:spicy_hoglin_stew>.definition'
[02:57:25.723][INFO][CraftTweaker]: Setting the value of 'minecraft:food' to 'class_4174[nutrition=14, saturation=22.0, canAlwaysEat=false, eatSeconds=1.0, usingConvertsTo=Optional.empty, effects=[class_9423[effect=effect.farmersdelight.comfort, Duration: 6000, Particles: false, probability=1.0], class_9423[effect=effect.spell_power.fire, Duration: 3600, Particles: false, probability=1.0]]]' on item '<item:brewinandchewin:fiery_fondue>.definition'
[02:57:25.723][INFO][CraftTweaker]: Setting the value of 'minecraft:food' to 'class_4174[nutrition=14, saturation=22.0, canAlwaysEat=false, eatSeconds=1.0, usingConvertsTo=Optional.empty, effects=[class_9423[effect=effect.farmersdelight.nourishment, Duration: 3000, Particles: false, probability=1.0], class_9423[effect=effect.spell_power.fire x 2, Duration: 3600, Particles: false, probability=1.0]]]' on item '<item:mynethersdelight:spicy_curry>.definition'
[02:57:25.724][INFO][CraftTweaker]: Setting the value of 'minecraft:food' to 'class_4174[nutrition=8, saturation=17.0, canAlwaysEat=false, eatSeconds=1.0, usingConvertsTo=Optional.empty, effects=[class_9423[effect=effect.farmersdelight.nourishment, Duration: 1200, Particles: false, probability=1.0], class_9423[effect=effect.spell_power.arcane, Duration: 3600, Particles: false, probability=1.0]]]' on item '<item:mynethersdelight:plate_of_ghasta_with_cream>.definition'
[02:57:25.724][INFO][CraftTweaker]: Setting the value of 'minecraft:food' to 'class_4174[nutrition=9, saturation=15.0, canAlwaysEat=false, eatSeconds=1.0, usingConvertsTo=Optional.empty, effects=[class_9423[effect=effect.minecraft.nausea, Duration: 300, Particles: false, probability=1.0], class_9423[effect=effect.farmersdelight.nourishment, Duration: 1200, Particles: false, probability=1.0], class_9423[effect=effect.spell_power.arcane x 2, Duration: 6000, Particles: false, probability=1.0]]]' on item '<item:mynethersdelight:blue_tenderloin_steak>.definition'
[02:57:25.724][INFO][CraftTweaker]: Setting the value of 'minecraft:food' to 'class_4174[nutrition=10, saturation=17.0, canAlwaysEat=false, eatSeconds=1.0, usingConvertsTo=Optional.empty, effects=[class_9423[effect=effect.farmersdelight.comfort, Duration: 3600, Particles: false, probability=1.0], class_9423[effect=effect.spell_power.frost, Duration: 3600, Particles: false, probability=1.0]]]' on item '<item:farmersdelight:fish_stew>.definition'
[02:57:25.724][INFO][CraftTweaker]: Setting the value of 'minecraft:food' to 'class_4174[nutrition=14, saturation=22.0, canAlwaysEat=false, eatSeconds=1.0, usingConvertsTo=Optional.empty, effects=[class_9423[effect=effect.farmersdelight.nourishment, Duration: 6000, Particles: false, probability=1.0], class_9423[effect=effect.spell_power.frost x 2, Duration: 3600, Particles: false, probability=1.0]]]' on item '<item:farmersdelight:squid_ink_pasta>.definition'
[02:57:25.724][INFO][CraftTweaker]: Setting the value of 'minecraft:food' to 'class_4174[nutrition=6, saturation=7.0, canAlwaysEat=false, eatSeconds=1.0, usingConvertsTo=Optional.empty, effects=[class_9423[effect=effect.minecraft.regeneration, Duration: 100, Particles: false, probability=1.0], class_9423[effect=effect.spell_power.healing, Duration: 3600, Particles: false, probability=1.0]]]' on item '<item:farmersdelight:fruit_salad>.definition'
[02:57:25.724][INFO][CraftTweaker]: Setting the value of 'minecraft:food' to 'class_4174[nutrition=6, saturation=7.0, canAlwaysEat=false, eatSeconds=1.0, usingConvertsTo=Optional.empty, effects=[class_9423[effect=effect.minecraft.regeneration, Duration: 100, Particles: false, probability=1.0], class_9423[effect=effect.spell_power.healing, Duration: 3600, Particles: false, probability=1.0]]]' on item '<item:farmersdelight:mixed_salad>.definition'
[02:57:25.725][INFO][CraftTweaker]: Setting the value of 'minecraft:food' to 'class_4174[nutrition=14, saturation=22.0, canAlwaysEat=false, eatSeconds=1.0, usingConvertsTo=Optional.empty, effects=[class_9423[effect=effect.farmersdelight.nourishment, Duration: 3600, Particles: false, probability=1.0], class_9423[effect=effect.spell_power.healing x 2, Duration: 3600, Particles: false, probability=1.0]]]' on item '<item:farmersdelight:grilled_salmon>.definition'
[02:57:25.725][INFO][CraftTweaker]: Setting the value of 'minecraft:food' to 'class_4174[nutrition=10, saturation=17.0, canAlwaysEat=false, eatSeconds=1.0, usingConvertsTo=Optional.empty, effects=[class_9423[effect=effect.farmersdelight.nourishment, Duration: 3600, Particles: false, probability=1.0], class_9423[effect=effect.spell_power.critical_chance, Duration: 3600, Particles: false, probability=1.0]]]' on item '<item:farmersdelight:mushroom_rice>.definition'
[02:57:25.725][INFO][CraftTweaker]: Setting the value of 'minecraft:food' to 'class_4174[nutrition=10, saturation=17.0, canAlwaysEat=false, eatSeconds=1.0, usingConvertsTo=Optional.empty, effects=[class_9423[effect=effect.farmersdelight.comfort, Duration: 6000, Particles: false, probability=1.0], class_9423[effect=effect.spell_power.haste, Duration: 3600, Particles: false, probability=1.0]]]' on item '<item:farmersdelight:pumpkin_soup>.definition'
[02:57:25.725][INFO][CraftTweaker]: Setting the value of 'minecraft:food' to 'class_4174[nutrition=14, saturation=22.0, canAlwaysEat=false, eatSeconds=1.0, usingConvertsTo=Optional.empty, effects=[class_9423[effect=effect.farmersdelight.nourishment, Duration: 6000, Particles: false, probability=1.0], class_9423[effect=effect.spell_power.haste x 2, Duration: 3600, Particles: false, probability=1.0]]]' on item '<item:farmersdelight:honey_glazed_ham>.definition'
[02:57:25.725][INFO][CraftTweaker]: Setting the value of 'minecraft:food' to 'class_4174[nutrition=12, saturation=22.0, canAlwaysEat=false, eatSeconds=1.0, usingConvertsTo=Optional.empty, effects=[class_9423[effect=effect.farmersdelight.nourishment, Duration: 2400, Particles: false, probability=1.0], class_9423[effect=effect.spell_power.critical_chance x 2, Duration: 3600, Particles: false, probability=1.0]]]' on item '<item:mynethersdelight:fried_hoglin_chop>.definition'
[02:57:25.726][INFO][CraftTweaker]: Setting the value of 'minecraft:food' to 'class_4174[nutrition=0, saturation=0.0, canAlwaysEat=false, eatSeconds=1.0, usingConvertsTo=Optional[1 brewinandchewin:tankard], effects=[class_9423[effect=effect.brewinandchewin.tipsy x 3, Duration: 2400, probability=1.0], class_9423[effect=effect.brewinandchewin.intoxication, Duration: 1800, probability=1.0], class_9423[effect=effect.spell_power.fire x 2, Duration: 1200, probability=1.0]]]' on item '<item:brewinandchewin:red_rum>.definition'
[02:57:25.726][INFO][CraftTweaker]: Setting the value of 'minecraft:food' to 'class_4174[nutrition=0, saturation=0.0, canAlwaysEat=false, eatSeconds=1.0, usingConvertsTo=Optional[1 brewinandchewin:tankard], effects=[class_9423[effect=effect.brewinandchewin.tipsy, Duration: 3600, probability=1.0], class_9423[effect=effect.brewinandchewin.intoxication, Duration: 3000, probability=1.0], class_9423[effect=effect.spell_power.healing x 2, Duration: 1200, probability=1.0]]]' on item '<item:brewinandchewin:pale_jane>.definition'
[02:57:25.726][INFO][CraftTweaker]: Setting the value of 'minecraft:food' to 'class_4174[nutrition=0, saturation=0.0, canAlwaysEat=false, eatSeconds=1.0, usingConvertsTo=Optional[1 brewinandchewin:tankard], effects=[class_9423[effect=effect.brewinandchewin.tipsy, Duration: 2400, probability=1.0], class_9423[effect=effect.brewinandchewin.intoxication, Duration: 1800, probability=1.0], class_9423[effect=effect.minecraft.night_vision, Duration: 600, probability=1.0], class_9423[effect=effect.spell_power.arcane x 2, Duration: 1200, probability=1.0]]]' on item '<item:brewinandchewin:glittering_grenadine>.definition'
[02:57:25.726][INFO][CraftTweaker]: Setting the value of 'minecraft:food' to 'class_4174[nutrition=0, saturation=0.0, canAlwaysEat=false, eatSeconds=1.0, usingConvertsTo=Optional[1 brewinandchewin:tankard], effects=[class_9423[effect=effect.brewinandchewin.tipsy x 2, Duration: 3600, probability=1.0], class_9423[effect=effect.brewinandchewin.intoxication, Duration: 3000, probability=1.0], class_9423[effect=effect.minecraft.water_breathing, Duration: 1800, probability=1.0], class_9423[effect=effect.spell_power.frost x 2, Duration: 1200, probability=1.0]]]' on item '<item:brewinandchewin:salty_folly>.definition'
[02:57:25.726][INFO][CraftTweaker]: Setting the value of 'minecraft:food' to 'class_4174[nutrition=0, saturation=0.0, canAlwaysEat=false, eatSeconds=1.0, usingConvertsTo=Optional[1 brewinandchewin:tankard], effects=[class_9423[effect=effect.brewinandchewin.tipsy, Duration: 3600, probability=1.0], class_9423[effect=effect.brewinandchewin.intoxication, Duration: 3000, probability=1.0], class_9423[effect=effect.spell_power.critical_damage x 2, Duration: 1200, probability=1.0]]]' on item '<item:brewinandchewin:vodka>.definition'
[02:57:25.727][INFO][CraftTweaker]: Setting the value of 'minecraft:food' to 'class_4174[nutrition=0, saturation=0.0, canAlwaysEat=false, eatSeconds=1.0, usingConvertsTo=Optional[1 brewinandchewin:tankard], effects=[class_9423[effect=effect.brewinandchewin.tipsy, Duration: 2400, probability=2.0], class_9423[effect=effect.brewinandchewin.intoxication, Duration: 1800, probability=1.0], class_9423[effect=effect.arsenal.unyielding x 2, Duration: 1200, probability=1.0]]]' on item '<item:brewinandchewin:steel_toe_stout>.definition'
[02:57:25.727][INFO][CraftTweaker]: Setting the value of 'minecraft:food' to 'class_4174[nutrition=0, saturation=0.0, canAlwaysEat=false, eatSeconds=1.0, usingConvertsTo=Optional[1 brewinandchewin:tankard], effects=[class_9423[effect=effect.brewinandchewin.tipsy, Duration: 2400, probability=2.0], class_9423[effect=effect.brewinandchewin.intoxication, Duration: 1800, probability=1.0], class_9423[effect=effect.arsenal.sundering, Duration: 1200, probability=1.0], class_9423[effect=effect.arsenal.rampaging x 4, Duration: 1200, probability=1.0]]]' on item '<item:brewinandchewin:beer>.definition'
[02:57:25.727][INFO][CraftTweaker]: Setting the value of 'minecraft:food' to 'class_4174[nutrition=0, saturation=0.0, canAlwaysEat=false, eatSeconds=1.0, usingConvertsTo=Optional[1 brewinandchewin:tankard], effects=[class_9423[effect=effect.brewinandchewin.tipsy x 3, Duration: 3600, probability=2.0], class_9423[effect=effect.brewinandchewin.intoxication, Duration: 3000, probability=1.0], class_9423[effect=effect.minecraft.blindness, Duration: 200, probability=1.0], class_9423[effect=effect.minecraft.weakness, Duration: 3000, probability=1.0], class_9423[effect=effect.minecraft.slowness, Duration: 3000, probability=1.0], class_9423[effect=effect.minecraft.wither, Duration: 1200, probability=1.0], class_9423[effect=effect.spell_power.critical_chance x 5, Duration: 1200, probability=1.0]]]' on item '<item:brewinandchewin:withering_dross>.definition'
[02:57:25.727][INFO][CraftTweaker]: Setting the value of 'minecraft:food' to 'class_4174[nutrition=0, saturation=0.0, canAlwaysEat=false, eatSeconds=1.0, usingConvertsTo=Optional[1 brewinandchewin:tankard], effects=[class_9423[effect=effect.brewinandchewin.tipsy x 2, Duration: 3600, probability=2.0], class_9423[effect=effect.brewinandchewin.intoxication, Duration: 2400, probability=1.0], class_9423[effect=effect.brewinandchewin.sweet_heart, Duration: 3600, probability=1.0], class_9423[effect=effect.ranged_weapon.damage x 2, Duration: 1200, probability=1.0]]]' on item '<item:brewinandchewin:saccharine_rum>.definition'
[02:57:25.727][INFO][CraftTweaker-ZenCode]: Execution for loader 'crafttweaker' completed successfully
[02:57:25.729][INFO][CraftTweaker]: CraftTweaker reload complete!
[02:57:25.729][INFO][CraftTweaker]: This reload was made possible by NickT and more! Become a patron at https://patreon.com/jaredlll08?s=crtmod
